<?xml version="1.0" encoding="UTF-8"?>
<robot generator="Robot 6.0.1 (Python 3.11.0 on win32)" generated="20221121 23:48:46.643" rpa="false" schemaversion="3">
<suite id="s1" name="Testcase2" source="D:\Robotframework\Testcases\testcase2.robot">
<test id="s1-t1" name="login funcationality" line="6">
<kw name=" Open the Browser" library="demo2">
<kw name="Open Browser" library="SeleniumLibrary">
<arg>${url}</arg>
<arg>${browser}</arg>
<doc>Opens a new browser instance to the optional ``url``.</doc>
<msg timestamp="20221121 23:48:47.138" level="INFO">Opening browser 'googlechrome' to base url 'https://opensource-demo.orangehrmlive.com/web/index.php/auth/login'.</msg>
<status status="PASS" starttime="20221121 23:48:47.138" endtime="20221121 23:49:00.729"/>
</kw>
<kw name="Maximize Browser Window" library="SeleniumLibrary">
<doc>Maximizes current browser window.</doc>
<status status="PASS" starttime="20221121 23:49:00.743" endtime="20221121 23:49:00.918"/>
</kw>
<kw name="Sleep" library="BuiltIn">
<arg>15</arg>
<doc>Pauses the test executed for the given time.</doc>
<msg timestamp="20221121 23:49:15.961" level="INFO">Slept 15 seconds</msg>
<status status="PASS" starttime="20221121 23:49:00.925" endtime="20221121 23:49:15.969"/>
</kw>
<kw name="Page Should Contain" library="SeleniumLibrary">
<arg>Login</arg>
<doc>Verifies that current page contains ``text``.</doc>
<msg timestamp="20221121 23:49:16.053" level="INFO">Current page contains text 'Login'.</msg>
<status status="PASS" starttime="20221121 23:49:15.972" endtime="20221121 23:49:16.053"/>
</kw>
<kw name="Log To Console" library="BuiltIn">
<arg>text is found</arg>
<doc>Logs the given message to the console.</doc>
<status status="PASS" starttime="20221121 23:49:16.054" endtime="20221121 23:49:16.057"/>
</kw>
<status status="PASS" starttime="20221121 23:48:47.137" endtime="20221121 23:49:16.063"/>
</kw>
<kw name=" Click on username and put data" library="demo2">
<kw name="Wait Until Page Contains Element" library="SeleniumLibrary">
<arg>${username}</arg>
<arg>5</arg>
<doc>Waits until the element ``locator`` appears on the current page.</doc>
<status status="PASS" starttime="20221121 23:49:16.084" endtime="20221121 23:49:16.124"/>
</kw>
<kw name="Page Should Contain" library="SeleniumLibrary">
<arg>Username</arg>
<doc>Verifies that current page contains ``text``.</doc>
<msg timestamp="20221121 23:49:16.149" level="INFO">Current page contains text 'Username'.</msg>
<status status="PASS" starttime="20221121 23:49:16.125" endtime="20221121 23:49:16.150"/>
</kw>
<kw name="Click Element" library="SeleniumLibrary">
<arg>${username}</arg>
<doc>Click the element identified by ``locator``.</doc>
<msg timestamp="20221121 23:49:16.153" level="INFO">Clicking element 'xpath = //*[@name='username']'.</msg>
<status status="PASS" starttime="20221121 23:49:16.150" endtime="20221121 23:49:16.270"/>
</kw>
<kw name="Log To Console" library="BuiltIn">
<arg>Username is found</arg>
<doc>Logs the given message to the console.</doc>
<status status="PASS" starttime="20221121 23:49:16.271" endtime="20221121 23:49:16.274"/>
</kw>
<kw name="Input Text" library="SeleniumLibrary">
<arg>${username}</arg>
<arg>${data1}</arg>
<doc>Types the given ``text`` into the text field identified by ``locator``.</doc>
<msg timestamp="20221121 23:49:16.278" level="INFO">Typing text 'Admin' into text field 'xpath = //*[@name='username']'.</msg>
<status status="PASS" starttime="20221121 23:49:16.275" endtime="20221121 23:49:16.543"/>
</kw>
<kw name="Log To Console" library="BuiltIn">
<arg>Username is entered</arg>
<doc>Logs the given message to the console.</doc>
<status status="PASS" starttime="20221121 23:49:16.543" endtime="20221121 23:49:16.543"/>
</kw>
<status status="PASS" starttime="20221121 23:49:16.078" endtime="20221121 23:49:16.544"/>
</kw>
<kw name=" Click on password and put data" library="demo2">
<kw name="Page Should Contain" library="SeleniumLibrary">
<arg>Password</arg>
<doc>Verifies that current page contains ``text``.</doc>
<msg timestamp="20221121 23:49:16.580" level="INFO">Current page contains text 'Password'.</msg>
<status status="PASS" starttime="20221121 23:49:16.547" endtime="20221121 23:49:16.581"/>
</kw>
<kw name="Click Element" library="SeleniumLibrary">
<arg>${Password}</arg>
<doc>Click the element identified by ``locator``.</doc>
<msg timestamp="20221121 23:49:16.582" level="INFO">Clicking element 'xpath = //*[@name='password']'.</msg>
<status status="PASS" starttime="20221121 23:49:16.581" endtime="20221121 23:49:17.046"/>
</kw>
<kw name="Log To Console" library="BuiltIn">
<arg>Password is found</arg>
<doc>Logs the given message to the console.</doc>
<status status="PASS" starttime="20221121 23:49:17.046" endtime="20221121 23:49:17.048"/>
</kw>
<kw name="Input Password" library="SeleniumLibrary">
<arg>${Password}</arg>
<arg>${data2}</arg>
<doc>Types the given password into the text field identified by ``locator``.</doc>
<msg timestamp="20221121 23:49:17.050" level="INFO">Typing password into text field 'xpath = //*[@name='password']'.</msg>
<msg timestamp="20221121 23:49:17.290" level="INFO">Temporally setting log level to: NONE</msg>
<msg timestamp="20221121 23:49:17.361" level="INFO">Log level changed from NONE to INFO.</msg>
<status status="PASS" starttime="20221121 23:49:17.049" endtime="20221121 23:49:17.362"/>
</kw>
<kw name="Log To Console" library="BuiltIn">
<arg>Password is entered</arg>
<doc>Logs the given message to the console.</doc>
<status status="PASS" starttime="20221121 23:49:17.362" endtime="20221121 23:49:17.363"/>
</kw>
<status status="PASS" starttime="20221121 23:49:16.546" endtime="20221121 23:49:17.364"/>
</kw>
<kw name=" Click on login button" library="demo2">
<kw name="Log To Console" library="BuiltIn">
<arg>login is found</arg>
<doc>Logs the given message to the console.</doc>
<status status="PASS" starttime="20221121 23:49:17.365" endtime="20221121 23:49:17.366"/>
</kw>
<kw name="Click Element" library="SeleniumLibrary">
<arg>${Login}</arg>
<doc>Click the element identified by ``locator``.</doc>
<msg timestamp="20221121 23:49:17.369" level="INFO">Clicking element 'xpath = //*[@type='submit']'.</msg>
<status status="PASS" starttime="20221121 23:49:17.367" endtime="20221121 23:49:19.628"/>
</kw>
<status status="PASS" starttime="20221121 23:49:17.364" endtime="20221121 23:49:19.629"/>
</kw>
<kw name="timelink method" library="demo2">
<kw name="click on side menu" library="demo2">
<arg>${timelink}</arg>
<kw name="Wait Until Page Contains Element" library="SeleniumLibrary">
<arg>${element}</arg>
<arg>10</arg>
<doc>Waits until the element ``locator`` appears on the current page.</doc>
<status status="PASS" starttime="20221121 23:49:19.631" endtime="20221121 23:49:20.448"/>
</kw>
<kw name="Click Element" library="SeleniumLibrary">
<arg>${element}</arg>
<doc>Click the element identified by ``locator``.</doc>
<msg timestamp="20221121 23:49:20.450" level="INFO">Clicking element '//*[@href='/web/index.php/time/viewTimeModule']'.</msg>
<status status="PASS" starttime="20221121 23:49:20.449" endtime="20221121 23:49:22.186"/>
</kw>
<status status="PASS" starttime="20221121 23:49:19.631" endtime="20221121 23:49:22.187"/>
</kw>
<kw name="Sleep" library="BuiltIn">
<arg>3s</arg>
<doc>Pauses the test executed for the given time.</doc>
<msg timestamp="20221121 23:49:25.190" level="INFO">Slept 3 seconds</msg>
<status status="PASS" starttime="20221121 23:49:22.187" endtime="20221121 23:49:25.191"/>
</kw>
<status status="PASS" starttime="20221121 23:49:19.630" endtime="20221121 23:49:25.191"/>
</kw>
<kw name="Different module" library="demo2">
<kw name="click on side menu" library="demo2">
<arg>${reclink}</arg>
<kw name="Wait Until Page Contains Element" library="SeleniumLibrary">
<arg>${element}</arg>
<arg>10</arg>
<doc>Waits until the element ``locator`` appears on the current page.</doc>
<status status="PASS" starttime="20221121 23:49:25.196" endtime="20221121 23:49:25.232"/>
</kw>
<kw name="Click Element" library="SeleniumLibrary">
<arg>${element}</arg>
<doc>Click the element identified by ``locator``.</doc>
<msg timestamp="20221121 23:49:25.235" level="INFO">Clicking element 'xpath = //*[@href='/web/index.php/recruitment/viewRecruitmentModule']'.</msg>
<status status="PASS" starttime="20221121 23:49:25.233" endtime="20221121 23:49:26.668"/>
</kw>
<status status="PASS" starttime="20221121 23:49:25.195" endtime="20221121 23:49:26.668"/>
</kw>
<kw name="Sleep" library="BuiltIn">
<arg>3</arg>
<doc>Pauses the test executed for the given time.</doc>
<msg timestamp="20221121 23:49:29.670" level="INFO">Slept 3 seconds</msg>
<status status="PASS" starttime="20221121 23:49:26.668" endtime="20221121 23:49:29.671"/>
</kw>
<kw name="Click Element" library="SeleniumLibrary">
<arg>${job_dropdown}</arg>
<doc>Click the element identified by ``locator``.</doc>
<msg timestamp="20221121 23:49:29.673" level="INFO">Clicking element '//*[@class='oxd-form-row']//div/div[2]//div[2]/i'.</msg>
<status status="PASS" starttime="20221121 23:49:29.671" endtime="20221121 23:49:29.846"/>
</kw>
<kw name="job title dropdown" library="demo2">
<for flavor="IN">
<var>${i}</var>
<value>RANGE</value>
<value>1</value>
<value>10</value>
<iter>
<var name="${i}">RANGE</var>
<kw name="Press Keys" library="SeleniumLibrary">
<arg>none</arg>
<arg>ARROW_DOWN</arg>
<doc>Simulates the user pressing key(s) to an element or on the active browser.</doc>
<msg timestamp="20221121 23:49:29.879" level="INFO">Sending key(s) ('ARROW_DOWN',) to page.</msg>
<msg timestamp="20221121 23:49:29.886" level="INFO">Pressing special key ARROW_DOWN to browser.</msg>
<msg timestamp="20221121 23:49:29.887" level="INFO">Releasing special key ARROW_DOWN.</msg>
<status status="PASS" starttime="20221121 23:49:29.858" endtime="20221121 23:49:29.925"/>
</kw>
<kw name="Run Keyword And Return Status" library="BuiltIn">
<var>${element_2}</var>
<arg>Element should be visible</arg>
<arg>${text}</arg>
<doc>Runs the given keyword with given arguments and returns the status as a Boolean value.</doc>
<kw name="Element Should Be Visible" library="SeleniumLibrary">
<arg>${text}</arg>
<doc>Verifies that the element identified by ``locator`` is visible.</doc>
<msg timestamp="20221121 23:49:30.238" level="INFO" html="true">&lt;/td&gt;&lt;/tr&gt;&lt;tr&gt;&lt;td colspan="3"&gt;&lt;a href="selenium-screenshot-15.png"&gt;&lt;img src="selenium-screenshot-15.png" width="800px"&gt;&lt;/a&gt;</msg>
<msg timestamp="20221121 23:49:30.249" level="FAIL">Element with locator 'Network Adminstrator' not found.</msg>
<status status="FAIL" starttime="20221121 23:49:29.931" endtime="20221121 23:49:30.359"/>
</kw>
<msg timestamp="20221121 23:49:30.361" level="INFO">${element_2} = False</msg>
<status status="PASS" starttime="20221121 23:49:29.928" endtime="20221121 23:49:30.361"/>
</kw>
<if>
<branch type="IF" condition="${element_2}">
<kw name="Wait Until Element Is Visible" library="SeleniumLibrary">
<arg>${text}</arg>
<doc>Waits until the element ``locator`` is visible.</doc>
<status status="NOT RUN" starttime="20221121 23:49:30.364" endtime="20221121 23:49:30.365"/>
</kw>
<kw name="Press Keys" library="SeleniumLibrary">
<arg>${text}</arg>
<arg>ENTER</arg>
<doc>Simulates the user pressing key(s) to an element or on the active browser.</doc>
<status status="NOT RUN" starttime="20221121 23:49:30.365" endtime="20221121 23:49:30.365"/>
</kw>
<kw name="Exit For Loop" library="BuiltIn">
<doc>Stops executing the enclosing FOR loop.</doc>
<status status="NOT RUN" starttime="20221121 23:49:30.365" endtime="20221121 23:49:30.366"/>
</kw>
<status status="NOT RUN" starttime="20221121 23:49:30.364" endtime="20221121 23:49:30.366"/>
</branch>
<branch type="ELSE">
<kw name="Log" library="BuiltIn">
<arg>continue</arg>
<doc>Logs the given message with the given level.</doc>
<msg timestamp="20221121 23:49:30.367" level="INFO">continue</msg>
<status status="PASS" starttime="20221121 23:49:30.367" endtime="20221121 23:49:30.368"/>
</kw>
<status status="PASS" starttime="20221121 23:49:30.366" endtime="20221121 23:49:30.368"/>
</branch>
<status status="PASS" starttime="20221121 23:49:30.362" endtime="20221121 23:49:30.368"/>
</if>
<status status="PASS" starttime="20221121 23:49:29.856" endtime="20221121 23:49:30.368"/>
</iter>
<iter>
<var name="${i}">1</var>
<kw name="Press Keys" library="SeleniumLibrary">
<arg>none</arg>
<arg>ARROW_DOWN</arg>
<doc>Simulates the user pressing key(s) to an element or on the active browser.</doc>
<msg timestamp="20221121 23:49:30.371" level="INFO">Sending key(s) ('ARROW_DOWN',) to page.</msg>
<msg timestamp="20221121 23:49:30.371" level="INFO">Pressing special key ARROW_DOWN to browser.</msg>
<msg timestamp="20221121 23:49:30.372" level="INFO">Releasing special key ARROW_DOWN.</msg>
<status status="PASS" starttime="20221121 23:49:30.369" endtime="20221121 23:49:30.385"/>
</kw>
<kw name="Run Keyword And Return Status" library="BuiltIn">
<var>${element_2}</var>
<arg>Element should be visible</arg>
<arg>${text}</arg>
<doc>Runs the given keyword with given arguments and returns the status as a Boolean value.</doc>
<kw name="Element Should Be Visible" library="SeleniumLibrary">
<arg>${text}</arg>
<doc>Verifies that the element identified by ``locator`` is visible.</doc>
<msg timestamp="20221121 23:49:30.586" level="INFO" html="true">&lt;/td&gt;&lt;/tr&gt;&lt;tr&gt;&lt;td colspan="3"&gt;&lt;a href="selenium-screenshot-16.png"&gt;&lt;img src="selenium-screenshot-16.png" width="800px"&gt;&lt;/a&gt;</msg>
<msg timestamp="20221121 23:49:30.587" level="FAIL">Element with locator 'Network Adminstrator' not found.</msg>
<status status="FAIL" starttime="20221121 23:49:30.387" endtime="20221121 23:49:30.590"/>
</kw>
<msg timestamp="20221121 23:49:30.591" level="INFO">${element_2} = False</msg>
<status status="PASS" starttime="20221121 23:49:30.386" endtime="20221121 23:49:30.591"/>
</kw>
<if>
<branch type="IF" condition="${element_2}">
<kw name="Wait Until Element Is Visible" library="SeleniumLibrary">
<arg>${text}</arg>
<doc>Waits until the element ``locator`` is visible.</doc>
<status status="NOT RUN" starttime="20221121 23:49:30.591" endtime="20221121 23:49:30.592"/>
</kw>
<kw name="Press Keys" library="SeleniumLibrary">
<arg>${text}</arg>
<arg>ENTER</arg>
<doc>Simulates the user pressing key(s) to an element or on the active browser.</doc>
<status status="NOT RUN" starttime="20221121 23:49:30.592" endtime="20221121 23:49:30.592"/>
</kw>
<kw name="Exit For Loop" library="BuiltIn">
<doc>Stops executing the enclosing FOR loop.</doc>
<status status="NOT RUN" starttime="20221121 23:49:30.592" endtime="20221121 23:49:30.592"/>
</kw>
<status status="NOT RUN" starttime="20221121 23:49:30.591" endtime="20221121 23:49:30.593"/>
</branch>
<branch type="ELSE">
<kw name="Log" library="BuiltIn">
<arg>continue</arg>
<doc>Logs the given message with the given level.</doc>
<msg timestamp="20221121 23:49:30.593" level="INFO">continue</msg>
<status status="PASS" starttime="20221121 23:49:30.593" endtime="20221121 23:49:30.593"/>
</kw>
<status status="PASS" starttime="20221121 23:49:30.593" endtime="20221121 23:49:30.593"/>
</branch>
<status status="PASS" starttime="20221121 23:49:30.591" endtime="20221121 23:49:30.593"/>
</if>
<status status="PASS" starttime="20221121 23:49:30.369" endtime="20221121 23:49:30.594"/>
</iter>
<iter>
<var name="${i}">10</var>
<kw name="Press Keys" library="SeleniumLibrary">
<arg>none</arg>
<arg>ARROW_DOWN</arg>
<doc>Simulates the user pressing key(s) to an element or on the active browser.</doc>
<msg timestamp="20221121 23:49:30.595" level="INFO">Sending key(s) ('ARROW_DOWN',) to page.</msg>
<msg timestamp="20221121 23:49:30.596" level="INFO">Pressing special key ARROW_DOWN to browser.</msg>
<msg timestamp="20221121 23:49:30.596" level="INFO">Releasing special key ARROW_DOWN.</msg>
<status status="PASS" starttime="20221121 23:49:30.594" endtime="20221121 23:49:30.607"/>
</kw>
<kw name="Run Keyword And Return Status" library="BuiltIn">
<var>${element_2}</var>
<arg>Element should be visible</arg>
<arg>${text}</arg>
<doc>Runs the given keyword with given arguments and returns the status as a Boolean value.</doc>
<kw name="Element Should Be Visible" library="SeleniumLibrary">
<arg>${text}</arg>
<doc>Verifies that the element identified by ``locator`` is visible.</doc>
<msg timestamp="20221121 23:49:31.312" level="INFO" html="true">&lt;/td&gt;&lt;/tr&gt;&lt;tr&gt;&lt;td colspan="3"&gt;&lt;a href="selenium-screenshot-17.png"&gt;&lt;img src="selenium-screenshot-17.png" width="800px"&gt;&lt;/a&gt;</msg>
<msg timestamp="20221121 23:49:31.313" level="FAIL">Element with locator 'Network Adminstrator' not found.</msg>
<status status="FAIL" starttime="20221121 23:49:30.612" endtime="20221121 23:49:31.317"/>
</kw>
<msg timestamp="20221121 23:49:31.318" level="INFO">${element_2} = False</msg>
<status status="PASS" starttime="20221121 23:49:30.608" endtime="20221121 23:49:31.318"/>
</kw>
<if>
<branch type="IF" condition="${element_2}">
<kw name="Wait Until Element Is Visible" library="SeleniumLibrary">
<arg>${text}</arg>
<doc>Waits until the element ``locator`` is visible.</doc>
<status status="NOT RUN" starttime="20221121 23:49:31.319" endtime="20221121 23:49:31.319"/>
</kw>
<kw name="Press Keys" library="SeleniumLibrary">
<arg>${text}</arg>
<arg>ENTER</arg>
<doc>Simulates the user pressing key(s) to an element or on the active browser.</doc>
<status status="NOT RUN" starttime="20221121 23:49:31.319" endtime="20221121 23:49:31.319"/>
</kw>
<kw name="Exit For Loop" library="BuiltIn">
<doc>Stops executing the enclosing FOR loop.</doc>
<status status="NOT RUN" starttime="20221121 23:49:31.320" endtime="20221121 23:49:31.320"/>
</kw>
<status status="NOT RUN" starttime="20221121 23:49:31.318" endtime="20221121 23:49:31.320"/>
</branch>
<branch type="ELSE">
<kw name="Log" library="BuiltIn">
<arg>continue</arg>
<doc>Logs the given message with the given level.</doc>
<msg timestamp="20221121 23:49:31.321" level="INFO">continue</msg>
<status status="PASS" starttime="20221121 23:49:31.321" endtime="20221121 23:49:31.322"/>
</kw>
<status status="PASS" starttime="20221121 23:49:31.320" endtime="20221121 23:49:31.322"/>
</branch>
<status status="PASS" starttime="20221121 23:49:31.318" endtime="20221121 23:49:31.322"/>
</if>
<status status="PASS" starttime="20221121 23:49:30.594" endtime="20221121 23:49:31.322"/>
</iter>
<status status="PASS" starttime="20221121 23:49:29.852" endtime="20221121 23:49:31.323"/>
</for>
<status status="PASS" starttime="20221121 23:49:29.846" endtime="20221121 23:49:31.323"/>
</kw>
<kw name="Sleep" library="BuiltIn">
<arg>10</arg>
<doc>Pauses the test executed for the given time.</doc>
<msg timestamp="20221121 23:49:41.324" level="INFO">Slept 10 seconds</msg>
<status status="PASS" starttime="20221121 23:49:31.323" endtime="20221121 23:49:41.325"/>
</kw>
<status status="PASS" starttime="20221121 23:49:25.193" endtime="20221121 23:49:41.326"/>
</kw>
<status status="PASS" starttime="20221121 23:48:47.137" endtime="20221121 23:49:41.332"/>
</test>
<status status="PASS" starttime="20221121 23:48:46.648" endtime="20221121 23:49:41.378"/>
</suite>
<statistics>
<total>
<stat pass="1" fail="0" skip="0">All Tests</stat>
</total>
<tag>
</tag>
<suite>
<stat pass="1" fail="0" skip="0" id="s1" name="Testcase2">Testcase2</stat>
</suite>
</statistics>
<errors>
</errors>
</robot>
